<?xml version="1.0" encoding="UTF-8"?>
<!-- Generated by org.testng.reporters.JUnitXMLReporter -->
<testsuite hostname="DESKTOP-9UJ8T6D" ignored="0" name="Default test" tests="3" failures="0" timestamp="2022-08-23T10:09:10 IST" time="36.625" errors="0">
  <testcase name="createContactTest" time="0.499" classname="com.qa.facebook.tests.LoginPageUsingDataDriven"/>
  <testcase name="createContactTest" time="0.393" classname="com.qa.facebook.tests.LoginPageUsingDataDriven"/>
  <testcase name="createContactTest" time="0.357" classname="com.qa.facebook.tests.LoginPageUsingDataDriven"/>
</testsuite> <!-- Default test -->
