<?xml version="1.0" encoding="UTF-8"?>
<!-- Generated by org.testng.reporters.JUnitXMLReporter -->
<testsuite hostname="DESKTOP-9UJ8T6D" ignored="0" name="REgressionb Test Results" tests="2" failures="0" timestamp="2022-08-24T09:51:47 IST" time="29.006" errors="0">
  <testcase name="verifyLoginPageTitle" time="0.075" classname="com.qa.facebook.tests.LoginPageTest"/>
  <testcase name="loginTestWithCorrectCredentials" time="0.553" classname="com.qa.facebook.tests.LoginPageTest"/>
</testsuite> <!-- REgressionb Test Results -->
