<?xml version="1.0" encoding="UTF-8"?>
<testng-results skipped="0" failed="0" ignored="0" total="2" passed="2">
  <reporter-output>
  </reporter-output>
  <suite name="Regression_Suite_Test" duration-ms="29006" started-at="2022-08-24T09:51:18 IST" finished-at="2022-08-24T09:51:47 IST">
    <groups>
    </groups>
    <test name="REgressionb Test Results" duration-ms="29006" started-at="2022-08-24T09:51:18 IST" finished-at="2022-08-24T09:51:47 IST">
      <class name="com.qa.facebook.tests.LoginPageTest">
        <test-method status="PASS" signature="setUp()[pri:0, instance:com.qa.facebook.tests.LoginPageTest@6a1aab78]" name="setUp" is-config="true" duration-ms="16650" started-at="2022-08-24T09:51:18 IST" finished-at="2022-08-24T09:51:35 IST">
          <reporter-output>
          </reporter-output>
        </test-method> <!-- setUp -->
        <test-method status="PASS" signature="verifyLoginPageTitle()[pri:1, instance:com.qa.facebook.tests.LoginPageTest@6a1aab78]" name="verifyLoginPageTitle" duration-ms="75" started-at="2022-08-24T09:51:35 IST" finished-at="2022-08-24T09:51:35 IST">
          <reporter-output>
          </reporter-output>
        </test-method> <!-- verifyLoginPageTitle -->
        <test-method status="PASS" signature="tearDown()[pri:0, instance:com.qa.facebook.tests.LoginPageTest@6a1aab78]" name="tearDown" is-config="true" duration-ms="1220" started-at="2022-08-24T09:51:35 IST" finished-at="2022-08-24T09:51:36 IST">
          <reporter-output>
          </reporter-output>
        </test-method> <!-- tearDown -->
        <test-method status="PASS" signature="setUp()[pri:0, instance:com.qa.facebook.tests.LoginPageTest@6a1aab78]" name="setUp" is-config="true" duration-ms="9418" started-at="2022-08-24T09:51:36 IST" finished-at="2022-08-24T09:51:46 IST">
          <reporter-output>
          </reporter-output>
        </test-method> <!-- setUp -->
        <test-method status="PASS" signature="loginTestWithCorrectCredentials()[pri:2, instance:com.qa.facebook.tests.LoginPageTest@6a1aab78]" name="loginTestWithCorrectCredentials" duration-ms="553" started-at="2022-08-24T09:51:46 IST" finished-at="2022-08-24T09:51:46 IST">
          <reporter-output>
          </reporter-output>
        </test-method> <!-- loginTestWithCorrectCredentials -->
        <test-method status="PASS" signature="tearDown()[pri:0, instance:com.qa.facebook.tests.LoginPageTest@6a1aab78]" name="tearDown" is-config="true" duration-ms="970" started-at="2022-08-24T09:51:46 IST" finished-at="2022-08-24T09:51:47 IST">
          <reporter-output>
          </reporter-output>
        </test-method> <!-- tearDown -->
      </class> <!-- com.qa.facebook.tests.LoginPageTest -->
    </test> <!-- REgressionb Test Results -->
  </suite> <!-- Regression_Suite_Test -->
</testng-results>
